Arguments: 
  D:\Program Files\nodejs\node.exe C:\Users\hwf\AppData\Roaming\npm\node_modules\yarn\bin\yarn.js

PATH: 
  C:\Program Files (x86)\Common Files\Oracle\Java\javapath;d:\Program Files\ImageMagick-7.0.11-Q16-HDRI;C:\Windows\system32;C:\Windows;C:\Windows\System32\Wbem;C:\Windows\System32\WindowsPowerShell\v1.0\;C:\Windows\System32\OpenSSH\;C:\Program Files (x86)\NVIDIA Corporation\PhysX\Common;C:\Program Files\NVIDIA Corporation\NVIDIA NvDLISR;D:\Program Files\PowerShell\7-preview\preview;d:\Program Files\Git\cmd;C:\Program Files\dotnet\;D:\Program Files\nodejs\;C:\Program Files\Docker\Docker\resources\bin;C:\ProgramData\DockerDesktop\version-bin;d:\Program Files (x86)\Gpg4win\..\GnuPG\bin;d:\Program Files (x86)\glab;D:\source\vcpkg;D:\Program Files\Python\Python39;D:\Program Files\Python\Python39\Scripts;C:\Users\hwf\AppData\Roaming\npm;D:\Program Files (x86)\GitHub CLI\;D:\Program Files\Microsoft VS Code\bin;D:\AndroidSDK\platform-tools;D:\Program Files\apktool;D:\Program Files\Java\jdk1.8.0_291\bin

Yarn version: 
  1.22.10

Node version: 
  14.16.1

Platform: 
  win32 x64

Trace: 
  Error: https://registry.npmjs.org/@huhuang03%2fth_comm: Not found
      at Request.params.callback [as _callback] (C:\Users\hwf\AppData\Roaming\npm\node_modules\yarn\lib\cli.js:66988:18)
      at Request.self.callback (C:\Users\hwf\AppData\Roaming\npm\node_modules\yarn\lib\cli.js:140662:22)
      at Request.emit (events.js:315:20)
      at Request.<anonymous> (C:\Users\hwf\AppData\Roaming\npm\node_modules\yarn\lib\cli.js:141634:10)
      at Request.emit (events.js:315:20)
      at IncomingMessage.<anonymous> (C:\Users\hwf\AppData\Roaming\npm\node_modules\yarn\lib\cli.js:141556:12)
      at Object.onceWrapper (events.js:421:28)
      at IncomingMessage.emit (events.js:327:22)
      at endReadableNT (internal/streams/readable.js:1327:12)
      at processTicksAndRejections (internal/process/task_queues.js:80:21)

npm manifest: 
  {
    "name": "mytmp",
    "version": "1.0.0",
    "description": "",
    "main": "lib/index.js",
    "scripts": {
      "build": "tsc",
      "watch": "npm-watch",
      "link": "npm run build;npm link -f"
    },
    "watch": {
      "re-compile": {
        "patterns": [
          "src"
        ],
        "extensions": "ts",
        "runOnChangeOnly": false
      }
    },
    "keywords": [],
    "author": "",
    "license": "ISC",
    "dependencies": {
      "fs-extra": "^9.0.0",
      "@huhuang03/th_comm": "0.0.1",
      "ncp": "^2.0.0",
      "yargs": "^15.3.1"
    },
    "devDependencies": {
      "@types/yargs": "^15.0.4",
      "@types/node": "^13.11.1"
    },
    "bin": {
      "mytmp": "lib/index.js",
      "t": "lib/index.js"
    }
  }

yarn manifest: 
  No manifest

Lockfile: 
  No lockfile
